development

Express server (re)started.
Listening on localhost:6010
development

Express server (re)started.
Listening on localhost:6010
IncomingMessage {
  _readableState:
   ReadableState {
     objectMode: false,
     highWaterMark: 16384,
     buffer: BufferList { head: null, tail: null, length: 0 },
     length: 0,
     pipes: null,
     pipesCount: 0,
     flowing: null,
     ended: false,
     endEmitted: false,
     reading: false,
     sync: true,
     needReadable: false,
     emittedReadable: false,
     readableListening: false,
     resumeScheduled: false,
     paused: true,
     emitClose: true,
     autoDestroy: false,
     destroyed: false,
     defaultEncoding: 'utf8',
     awaitDrain: 0,
     readingMore: true,
     decoder: null,
     encoding: null },
  readable: true,
  domain: null,
  _events:
   [Object: null prototype] { end: [Function: resetHeadersTimeoutOnReqEnd] },
  _eventsCount: 1,
  _maxListeners: undefined,
  socket:
   Socket {
     connecting: false,
     _hadError: false,
     _handle:
      TCP {
        reading: true,
        onread: [Function: onStreamRead],
        onconnection: null,
        _consumed: true,
        [Symbol(owner)]: [Circular] },
     _parent: null,
     _host: null,
     _readableState:
      ReadableState {
        objectMode: false,
        highWaterMark: 16384,
        buffer: BufferList { head: null, tail: null, length: 0 },
        length: 0,
        pipes: null,
        pipesCount: 0,
        flowing: true,
        ended: false,
        endEmitted: false,
        reading: true,
        sync: false,
        needReadable: true,
        emittedReadable: false,
        readableListening: false,
        resumeScheduled: false,
        paused: false,
        emitClose: false,
        autoDestroy: false,
        destroyed: false,
        defaultEncoding: 'utf8',
        awaitDrain: 0,
        readingMore: false,
        decoder: null,
        encoding: null },
     readable: true,
     domain: null,
     _events:
      [Object: null prototype] {
        end: [Array],
        drain: [Array],
        timeout: [Function: socketOnTimeout],
        data: [Function: bound socketOnData],
        error: [Array],
        close: [Array],
        resume: [Function: onSocketResume],
        pause: [Function: onSocketPause] },
     _eventsCount: 8,
     _maxListeners: undefined,
     _writableState:
      WritableState {
        objectMode: false,
        highWaterMark: 16384,
        finalCalled: false,
        needDrain: false,
        ending: false,
        ended: false,
        finished: false,
        destroyed: false,
        decodeStrings: false,
        defaultEncoding: 'utf8',
        length: 0,
        writing: false,
        corked: 0,
        sync: true,
        bufferProcessing: false,
        onwrite: [Function: bound onwrite],
        writecb: null,
        writelen: 0,
        bufferedRequest: null,
        lastBufferedRequest: null,
        pendingcb: 0,
        prefinished: false,
        errorEmitted: false,
        emitClose: false,
        autoDestroy: false,
        bufferedRequestCount: 0,
        corkedRequestsFree: [Object] },
     writable: true,
     allowHalfOpen: true,
     _sockname: null,
     _pendingData: null,
     _pendingEncoding: '',
     server:
      Server {
        domain: null,
        _events: [Object],
        _eventsCount: 2,
        _maxListeners: undefined,
        _connections: 2,
        _handle: [TCP],
        _usingWorkers: false,
        _workers: [],
        _unref: false,
        allowHalfOpen: true,
        pauseOnConnect: false,
        httpAllowHalfOpen: false,
        timeout: 120000,
        keepAliveTimeout: 5000,
        maxHeadersCount: null,
        headersTimeout: 40000,
        _connectionKey: '4:127.0.0.1:6010',
        [Symbol(IncomingMessage)]: [Function],
        [Symbol(ServerResponse)]: [Function],
        [Symbol(asyncId)]: 7 },
     _server:
      Server {
        domain: null,
        _events: [Object],
        _eventsCount: 2,
        _maxListeners: undefined,
        _connections: 2,
        _handle: [TCP],
        _usingWorkers: false,
        _workers: [],
        _unref: false,
        allowHalfOpen: true,
        pauseOnConnect: false,
        httpAllowHalfOpen: false,
        timeout: 120000,
        keepAliveTimeout: 5000,
        maxHeadersCount: null,
        headersTimeout: 40000,
        _connectionKey: '4:127.0.0.1:6010',
        [Symbol(IncomingMessage)]: [Function],
        [Symbol(ServerResponse)]: [Function],
        [Symbol(asyncId)]: 7 },
     timeout: 120000,
     parser:
      HTTPParser {
        '0': [Function: parserOnHeaders],
        '1': [Function: parserOnHeadersComplete],
        '2': [Function: parserOnBody],
        '3': [Function: parserOnMessageComplete],
        '4': [Function: bound onParserExecute],
        _headers: [],
        _url: '',
        socket: [Circular],
        incoming: [Circular],
        outgoing: null,
        maxHeaderPairs: 2000,
        _consumed: true,
        onIncoming: [Function: bound parserOnIncoming],
        parsingHeadersStart: 0,
        [Symbol(isReused)]: false },
     on: [Function: socketOnWrap],
     _paused: false,
     _httpMessage:
      ServerResponse {
        domain: null,
        _events: [Object],
        _eventsCount: 2,
        _maxListeners: undefined,
        output: [],
        outputEncodings: [],
        outputCallbacks: [],
        outputSize: 0,
        writable: true,
        _last: false,
        chunkedEncoding: false,
        shouldKeepAlive: true,
        useChunkedEncodingByDefault: true,
        sendDate: true,
        _removedConnection: false,
        _removedContLen: false,
        _removedTE: false,
        _contentLength: null,
        _hasBody: true,
        _trailer: '',
        finished: false,
        _headerSent: false,
        socket: [Circular],
        connection: [Circular],
        _header: null,
        _onPendingData: [Function: bound updateOutgoingData],
        _sent100: false,
        _expect_continue: false,
        req: [Circular],
        locals: [Object: null prototype] {},
        _startAt: undefined,
        _startTime: undefined,
        writeHead: [Function: writeHead],
        __onFinished: [Function],
        [Symbol(isCorked)]: false,
        [Symbol(outHeadersKey)]: [Object] },
     _peername: { address: '127.0.0.1', family: 'IPv4', port: 55480 },
     [Symbol(asyncId)]: 11,
     [Symbol(lastWriteQueueSize)]: 0,
     [Symbol(timeout)]:
      Timeout {
        _called: false,
        _idleTimeout: 120000,
        _idlePrev: [Timeout],
        _idleNext: [TimersList],
        _idleStart: 15486,
        _onTimeout: [Function: bound ],
        _timerArgs: undefined,
        _repeat: null,
        _destroyed: false,
        [Symbol(unrefed)]: true,
        [Symbol(asyncId)]: 12,
        [Symbol(triggerId)]: 11 },
     [Symbol(kBytesRead)]: 0,
     [Symbol(kBytesWritten)]: 0 },
  connection:
   Socket {
     connecting: false,
     _hadError: false,
     _handle:
      TCP {
        reading: true,
        onread: [Function: onStreamRead],
        onconnection: null,
        _consumed: true,
        [Symbol(owner)]: [Circular] },
     _parent: null,
     _host: null,
     _readableState:
      ReadableState {
        objectMode: false,
        highWaterMark: 16384,
        buffer: BufferList { head: null, tail: null, length: 0 },
        length: 0,
        pipes: null,
        pipesCount: 0,
        flowing: true,
        ended: false,
        endEmitted: false,
        reading: true,
        sync: false,
        needReadable: true,
        emittedReadable: false,
        readableListening: false,
        resumeScheduled: false,
        paused: false,
        emitClose: false,
        autoDestroy: false,
        destroyed: false,
        defaultEncoding: 'utf8',
        awaitDrain: 0,
        readingMore: false,
        decoder: null,
        encoding: null },
     readable: true,
     domain: null,
     _events:
      [Object: null prototype] {
        end: [Array],
        drain: [Array],
        timeout: [Function: socketOnTimeout],
        data: [Function: bound socketOnData],
        error: [Array],
        close: [Array],
        resume: [Function: onSocketResume],
        pause: [Function: onSocketPause] },
     _eventsCount: 8,
     _maxListeners: undefined,
     _writableState:
      WritableState {
        objectMode: false,
        highWaterMark: 16384,
        finalCalled: false,
        needDrain: false,
        ending: false,
        ended: false,
        finished: false,
        destroyed: false,
        decodeStrings: false,
        defaultEncoding: 'utf8',
        length: 0,
        writing: false,
        corked: 0,
        sync: true,
        bufferProcessing: false,
        onwrite: [Function: bound onwrite],
        writecb: null,
        writelen: 0,
        bufferedRequest: null,
        lastBufferedRequest: null,
        pendingcb: 0,
        prefinished: false,
        errorEmitted: false,
        emitClose: false,
        autoDestroy: false,
        bufferedRequestCount: 0,
        corkedRequestsFree: [Object] },
     writable: true,
     allowHalfOpen: true,
     _sockname: null,
     _pendingData: null,
     _pendingEncoding: '',
     server:
      Server {
        domain: null,
        _events: [Object],
        _eventsCount: 2,
        _maxListeners: undefined,
        _connections: 2,
        _handle: [TCP],
        _usingWorkers: false,
        _workers: [],
        _unref: false,
        allowHalfOpen: true,
        pauseOnConnect: false,
        httpAllowHalfOpen: false,
        timeout: 120000,
        keepAliveTimeout: 5000,
        maxHeadersCount: null,
        headersTimeout: 40000,
        _connectionKey: '4:127.0.0.1:6010',
        [Symbol(IncomingMessage)]: [Function],
        [Symbol(ServerResponse)]: [Function],
        [Symbol(asyncId)]: 7 },
     _server:
      Server {
        domain: null,
        _events: [Object],
        _eventsCount: 2,
        _maxListeners: undefined,
        _connections: 2,
        _handle: [TCP],
        _usingWorkers: false,
        _workers: [],
        _unref: false,
        allowHalfOpen: true,
        pauseOnConnect: false,
        httpAllowHalfOpen: false,
        timeout: 120000,
        keepAliveTimeout: 5000,
        maxHeadersCount: null,
        headersTimeout: 40000,
        _connectionKey: '4:127.0.0.1:6010',
        [Symbol(IncomingMessage)]: [Function],
        [Symbol(ServerResponse)]: [Function],
        [Symbol(asyncId)]: 7 },
     timeout: 120000,
     parser:
      HTTPParser {
        '0': [Function: parserOnHeaders],
        '1': [Function: parserOnHeadersComplete],
        '2': [Function: parserOnBody],
        '3': [Function: parserOnMessageComplete],
        '4': [Function: bound onParserExecute],
        _headers: [],
        _url: '',
        socket: [Circular],
        incoming: [Circular],
        outgoing: null,
        maxHeaderPairs: 2000,
        _consumed: true,
        onIncoming: [Function: bound parserOnIncoming],
        parsingHeadersStart: 0,
        [Symbol(isReused)]: false },
     on: [Function: socketOnWrap],
     _paused: false,
     _httpMessage:
      ServerResponse {
        domain: null,
        _events: [Object],
        _eventsCount: 2,
        _maxListeners: undefined,
        output: [],
        outputEncodings: [],
        outputCallbacks: [],
        outputSize: 0,
        writable: true,
        _last: false,
        chunkedEncoding: false,
        shouldKeepAlive: true,
        useChunkedEncodingByDefault: true,
        sendDate: true,
        _removedConnection: false,
        _removedContLen: false,
        _removedTE: false,
        _contentLength: null,
        _hasBody: true,
        _trailer: '',
        finished: false,
        _headerSent: false,
        socket: [Circular],
        connection: [Circular],
        _header: null,
        _onPendingData: [Function: bound updateOutgoingData],
        _sent100: false,
        _expect_continue: false,
        req: [Circular],
        locals: [Object: null prototype] {},
        _startAt: undefined,
        _startTime: undefined,
        writeHead: [Function: writeHead],
        __onFinished: [Function],
        [Symbol(isCorked)]: false,
        [Symbol(outHeadersKey)]: [Object] },
     _peername: { address: '127.0.0.1', family: 'IPv4', port: 55480 },
     [Symbol(asyncId)]: 11,
     [Symbol(lastWriteQueueSize)]: 0,
     [Symbol(timeout)]:
      Timeout {
        _called: false,
        _idleTimeout: 120000,
        _idlePrev: [Timeout],
        _idleNext: [TimersList],
        _idleStart: 15486,
        _onTimeout: [Function: bound ],
        _timerArgs: undefined,
        _repeat: null,
        _destroyed: false,
        [Symbol(unrefed)]: true,
        [Symbol(asyncId)]: 12,
        [Symbol(triggerId)]: 11 },
     [Symbol(kBytesRead)]: 0,
     [Symbol(kBytesWritten)]: 0 },
  httpVersionMajor: 1,
  httpVersionMinor: 1,
  httpVersion: '1.1',
  complete: false,
  headers:
   { host: 'localhost:6010',
     connection: 'keep-alive',
     'cache-control': 'max-age=0',
     'upgrade-insecure-requests': '1',
     'user-agent':
      'Mozilla/5.0 (Macintosh; Intel Mac OS X 10_15_0) AppleWebKit/537.36 (KHTML, like Gecko) Chrome/78.0.3904.87 Safari/537.36',
     'sec-fetch-user': '?1',
     accept:
      'text/html,application/xhtml+xml,application/xml;q=0.9,image/webp,image/apng,*/*;q=0.8,application/signed-exchange;v=b3',
     'sec-fetch-site': 'none',
     'sec-fetch-mode': 'navigate',
     'accept-encoding': 'gzip, deflate, br',
     'accept-language': 'en-US,en;q=0.9,fi;q=0.8',
     cookie:
      'hblid=ugY5yQaW1KwZ2Lt03m39N0NBFrKA6bpa; olfsk=olfsk24718118320413573',
     dnt: '1',
     'if-none-match': 'W/"b-6/re6aoBJ0s1JtJTn+fktVeZQ94"' },
  rawHeaders:
   [ 'Host',
     'localhost:6010',
     'Connection',
     'keep-alive',
     'Cache-Control',
     'max-age=0',
     'Upgrade-Insecure-Requests',
     '1',
     'User-Agent',
     'Mozilla/5.0 (Macintosh; Intel Mac OS X 10_15_0) AppleWebKit/537.36 (KHTML, like Gecko) Chrome/78.0.3904.87 Safari/537.36',
     'Sec-Fetch-User',
     '?1',
     'Accept',
     'text/html,application/xhtml+xml,application/xml;q=0.9,image/webp,image/apng,*/*;q=0.8,application/signed-exchange;v=b3',
     'Sec-Fetch-Site',
     'none',
     'Sec-Fetch-Mode',
     'navigate',
     'Accept-Encoding',
     'gzip, deflate, br',
     'Accept-Language',
     'en-US,en;q=0.9,fi;q=0.8',
     'Cookie',
     'hblid=ugY5yQaW1KwZ2Lt03m39N0NBFrKA6bpa; olfsk=olfsk24718118320413573',
     'dnt',
     '1',
     'If-None-Match',
     'W/"b-6/re6aoBJ0s1JtJTn+fktVeZQ94"' ],
  trailers: {},
  rawTrailers: [],
  aborted: false,
  upgrade: false,
  url: '/',
  method: 'GET',
  statusCode: null,
  statusMessage: null,
  client:
   Socket {
     connecting: false,
     _hadError: false,
     _handle:
      TCP {
        reading: true,
        onread: [Function: onStreamRead],
        onconnection: null,
        _consumed: true,
        [Symbol(owner)]: [Circular] },
     _parent: null,
     _host: null,
     _readableState:
      ReadableState {
        objectMode: false,
        highWaterMark: 16384,
        buffer: BufferList { head: null, tail: null, length: 0 },
        length: 0,
        pipes: null,
        pipesCount: 0,
        flowing: true,
        ended: false,
        endEmitted: false,
        reading: true,
        sync: false,
        needReadable: true,
        emittedReadable: false,
        readableListening: false,
        resumeScheduled: false,
        paused: false,
        emitClose: false,
        autoDestroy: false,
        destroyed: false,
        defaultEncoding: 'utf8',
        awaitDrain: 0,
        readingMore: false,
        decoder: null,
        encoding: null },
     readable: true,
     domain: null,
     _events:
      [Object: null prototype] {
        end: [Array],
        drain: [Array],
        timeout: [Function: socketOnTimeout],
        data: [Function: bound socketOnData],
        error: [Array],
        close: [Array],
        resume: [Function: onSocketResume],
        pause: [Function: onSocketPause] },
     _eventsCount: 8,
     _maxListeners: undefined,
     _writableState:
      WritableState {
        objectMode: false,
        highWaterMark: 16384,
        finalCalled: false,
        needDrain: false,
        ending: false,
        ended: false,
        finished: false,
        destroyed: false,
        decodeStrings: false,
        defaultEncoding: 'utf8',
        length: 0,
        writing: false,
        corked: 0,
        sync: true,
        bufferProcessing: false,
        onwrite: [Function: bound onwrite],
        writecb: null,
        writelen: 0,
        bufferedRequest: null,
        lastBufferedRequest: null,
        pendingcb: 0,
        prefinished: false,
        errorEmitted: false,
        emitClose: false,
        autoDestroy: false,
        bufferedRequestCount: 0,
        corkedRequestsFree: [Object] },
     writable: true,
     allowHalfOpen: true,
     _sockname: null,
     _pendingData: null,
     _pendingEncoding: '',
     server:
      Server {
        domain: null,
        _events: [Object],
        _eventsCount: 2,
        _maxListeners: undefined,
        _connections: 2,
        _handle: [TCP],
        _usingWorkers: false,
        _workers: [],
        _unref: false,
        allowHalfOpen: true,
        pauseOnConnect: false,
        httpAllowHalfOpen: false,
        timeout: 120000,
        keepAliveTimeout: 5000,
        maxHeadersCount: null,
        headersTimeout: 40000,
        _connectionKey: '4:127.0.0.1:6010',
        [Symbol(IncomingMessage)]: [Function],
        [Symbol(ServerResponse)]: [Function],
        [Symbol(asyncId)]: 7 },
     _server:
      Server {
        domain: null,
        _events: [Object],
        _eventsCount: 2,
        _maxListeners: undefined,
        _connections: 2,
        _handle: [TCP],
        _usingWorkers: false,
        _workers: [],
        _unref: false,
        allowHalfOpen: true,
        pauseOnConnect: false,
        httpAllowHalfOpen: false,
        timeout: 120000,
        keepAliveTimeout: 5000,
        maxHeadersCount: null,
        headersTimeout: 40000,
        _connectionKey: '4:127.0.0.1:6010',
        [Symbol(IncomingMessage)]: [Function],
        [Symbol(ServerResponse)]: [Function],
        [Symbol(asyncId)]: 7 },
     timeout: 120000,
     parser:
      HTTPParser {
        '0': [Function: parserOnHeaders],
        '1': [Function: parserOnHeadersComplete],
        '2': [Function: parserOnBody],
        '3': [Function: parserOnMessageComplete],
        '4': [Function: bound onParserExecute],
        _headers: [],
        _url: '',
        socket: [Circular],
        incoming: [Circular],
        outgoing: null,
        maxHeaderPairs: 2000,
        _consumed: true,
        onIncoming: [Function: bound parserOnIncoming],
        parsingHeadersStart: 0,
        [Symbol(isReused)]: false },
     on: [Function: socketOnWrap],
     _paused: false,
     _httpMessage:
      ServerResponse {
        domain: null,
        _events: [Object],
        _eventsCount: 2,
        _maxListeners: undefined,
        output: [],
        outputEncodings: [],
        outputCallbacks: [],
        outputSize: 0,
        writable: true,
        _last: false,
        chunkedEncoding: false,
        shouldKeepAlive: true,
        useChunkedEncodingByDefault: true,
        sendDate: true,
        _removedConnection: false,
        _removedContLen: false,
        _removedTE: false,
        _contentLength: null,
        _hasBody: true,
        _trailer: '',
        finished: false,
        _headerSent: false,
        socket: [Circular],
        connection: [Circular],
        _header: null,
        _onPendingData: [Function: bound updateOutgoingData],
        _sent100: false,
        _expect_continue: false,
        req: [Circular],
        locals: [Object: null prototype] {},
        _startAt: undefined,
        _startTime: undefined,
        writeHead: [Function: writeHead],
        __onFinished: [Function],
        [Symbol(isCorked)]: false,
        [Symbol(outHeadersKey)]: [Object] },
     _peername: { address: '127.0.0.1', family: 'IPv4', port: 55480 },
     [Symbol(asyncId)]: 11,
     [Symbol(lastWriteQueueSize)]: 0,
     [Symbol(timeout)]:
      Timeout {
        _called: false,
        _idleTimeout: 120000,
        _idlePrev: [Timeout],
        _idleNext: [TimersList],
        _idleStart: 15486,
        _onTimeout: [Function: bound ],
        _timerArgs: undefined,
        _repeat: null,
        _destroyed: false,
        [Symbol(unrefed)]: true,
        [Symbol(asyncId)]: 12,
        [Symbol(triggerId)]: 11 },
     [Symbol(kBytesRead)]: 0,
     [Symbol(kBytesWritten)]: 0 },
  _consuming: false,
  _dumped: false,
  next: [Function: next],
  baseUrl: '',
  originalUrl: '/',
  _parsedUrl:
   Url {
     protocol: null,
     slashes: null,
     auth: null,
     host: null,
     port: null,
     hostname: null,
     hash: null,
     search: null,
     query: null,
     pathname: '/',
     path: '/',
     href: '/',
     _raw: '/' },
  params: {},
  query: {},
  res:
   ServerResponse {
     domain: null,
     _events:
      [Object: null prototype] { finish: [Array], end: [Function: onevent] },
     _eventsCount: 2,
     _maxListeners: undefined,
     output: [],
     outputEncodings: [],
     outputCallbacks: [],
     outputSize: 0,
     writable: true,
     _last: false,
     chunkedEncoding: false,
     shouldKeepAlive: true,
     useChunkedEncodingByDefault: true,
     sendDate: true,
     _removedConnection: false,
     _removedContLen: false,
     _removedTE: false,
     _contentLength: null,
     _hasBody: true,
     _trailer: '',
     finished: false,
     _headerSent: false,
     socket:
      Socket {
        connecting: false,
        _hadError: false,
        _handle: [TCP],
        _parent: null,
        _host: null,
        _readableState: [ReadableState],
        readable: true,
        domain: null,
        _events: [Object],
        _eventsCount: 8,
        _maxListeners: undefined,
        _writableState: [WritableState],
        writable: true,
        allowHalfOpen: true,
        _sockname: null,
        _pendingData: null,
        _pendingEncoding: '',
        server: [Server],
        _server: [Server],
        timeout: 120000,
        parser: [HTTPParser],
        on: [Function: socketOnWrap],
        _paused: false,
        _httpMessage: [Circular],
        _peername: [Object],
        [Symbol(asyncId)]: 11,
        [Symbol(lastWriteQueueSize)]: 0,
        [Symbol(timeout)]:
         Timeout {
           _called: false,
           _idleTimeout: 120000,
           _idlePrev: [Timeout],
           _idleNext: [TimersList],
           _idleStart: 15486,
           _onTimeout: [Function: bound ],
           _timerArgs: undefined,
           _repeat: null,
           _destroyed: false,
           [Symbol(unrefed)]: true,
           [Symbol(asyncId)]: 12,
           [Symbol(triggerId)]: 11 },
        [Symbol(kBytesRead)]: 0,
        [Symbol(kBytesWritten)]: 0 },
     connection:
      Socket {
        connecting: false,
        _hadError: false,
        _handle: [TCP],
        _parent: null,
        _host: null,
        _readableState: [ReadableState],
        readable: true,
        domain: null,
        _events: [Object],
        _eventsCount: 8,
        _maxListeners: undefined,
        _writableState: [WritableState],
        writable: true,
        allowHalfOpen: true,
        _sockname: null,
        _pendingData: null,
        _pendingEncoding: '',
        server: [Server],
        _server: [Server],
        timeout: 120000,
        parser: [HTTPParser],
        on: [Function: socketOnWrap],
        _paused: false,
        _httpMessage: [Circular],
        _peername: [Object],
        [Symbol(asyncId)]: 11,
        [Symbol(lastWriteQueueSize)]: 0,
        [Symbol(timeout)]:
         Timeout {
           _called: false,
           _idleTimeout: 120000,
           _idlePrev: [Timeout],
           _idleNext: [TimersList],
           _idleStart: 15486,
           _onTimeout: [Function: bound ],
           _timerArgs: undefined,
           _repeat: null,
           _destroyed: false,
           [Symbol(unrefed)]: true,
           [Symbol(asyncId)]: 12,
           [Symbol(triggerId)]: 11 },
        [Symbol(kBytesRead)]: 0,
        [Symbol(kBytesWritten)]: 0 },
     _header: null,
     _onPendingData: [Function: bound updateOutgoingData],
     _sent100: false,
     _expect_continue: false,
     req: [Circular],
     locals: [Object: null prototype] {},
     _startAt: undefined,
     _startTime: undefined,
     writeHead: [Function: writeHead],
     __onFinished: { [Function: listener] queue: [Array] },
     [Symbol(isCorked)]: false,
     [Symbol(outHeadersKey)]: [Object: null prototype] { 'x-powered-by': [Array] } },
  body: {},
  _startAt: [ 87361, 961888817 ],
  _startTime: 2019-11-12T01:35:44.908Z,
  _remoteAddress: '127.0.0.1',
  route:
   Route { path: '/', stack: [ [Layer] ], methods: { get: true } } }
127.0.0.1 - - [12/Nov/2019:01:35:44 +0000] "GET / HTTP/1.1" 304 - "-" "Mozilla/5.0 (Macintosh; Intel Mac OS X 10_15_0) AppleWebKit/537.36 (KHTML, like Gecko) Chrome/78.0.3904.87 Safari/537.36"
development

Express server (re)started.
Listening on localhost:6010
127.0.0.1 - - [12/Nov/2019:01:36:05 +0000] "GET / HTTP/1.1" 304 - "-" "Mozilla/5.0 (Macintosh; Intel Mac OS X 10_15_0) AppleWebKit/537.36 (KHTML, like Gecko) Chrome/78.0.3904.87 Safari/537.36"
false

Express server (re)started.
Listening on localhost:6010
false

Express server (re)started.
Listening on localhost:6010

Express server (re)started.
Listening on localhost:6010

Express server (re)started.
Listening on localhost:6010

Express server (re)started.
Listening on localhost:6010

Express server (re)started.
Listening on localhost:6010

Express server (re)started.
Listening on localhost:6010

Express server (re)started.
Listening on localhost:6010

Express server (re)started.
Listening on localhost:6010

Express server (re)started.
Listening on localhost:6010

Express server (re)started.
Listening on localhost:6010

Express server (re)started.
Listening on localhost:6010

Express server (re)started.
Listening on localhost:6010
127.0.0.1 - - [12/Nov/2019:03:01:52 +0000] "GET / HTTP/1.1" 404 139 "-" "Mozilla/5.0 (Macintosh; Intel Mac OS X 10_15_0) AppleWebKit/537.36 (KHTML, like Gecko) Chrome/78.0.3904.87 Safari/537.36"
127.0.0.1 - - [12/Nov/2019:03:02:20 +0000] "GET /api/ HTTP/1.1" 200 11 "-" "Mozilla/5.0 (Macintosh; Intel Mac OS X 10_15_0) AppleWebKit/537.36 (KHTML, like Gecko) Chrome/78.0.3904.87 Safari/537.36"

Express server (re)started.
Listening on localhost:6010
127.0.0.1 - - [12/Nov/2019:03:04:09 +0000] "GET /api/ HTTP/1.1" 304 - "-" "Mozilla/5.0 (Macintosh; Intel Mac OS X 10_15_0) AppleWebKit/537.36 (KHTML, like Gecko) Chrome/78.0.3904.87 Safari/537.36"

Express server (re)started.
Listening on localhost:6010

Express server (re)started.
Listening on localhost:6010

Express server (re)started.
Listening on localhost:6010
127.0.0.1 - - [12/Nov/2019:03:53:18 +0000] "GET /api/ HTTP/1.1" 304 - "-" "Mozilla/5.0 (Macintosh; Intel Mac OS X 10_15_0) AppleWebKit/537.36 (KHTML, like Gecko) Chrome/78.0.3904.87 Safari/537.36"
